<?xml version="1.0" encoding="UTF-8"?>
<coverage generated="1535350402352" clover="3.2.0">
  <project timestamp="1535350402352" name="All files">
    <metrics statements="66" coveredstatements="63" conditionals="18" coveredconditionals="14" methods="23" coveredmethods="21" elements="107" coveredelements="98" complexity="0" loc="66" ncloc="66" packages="1" files="2" classes="2">
      <file name="Validate.js" path="C:\Users\CHEN\Desktop\Projects\easy-object-validator\src\Validate.js">
        <metrics statements="31" coveredstatements="30" conditionals="8" coveredconditionals="7" methods="8" coveredmethods="8"/>
        <line num="3" count="44" type="stmt"/>
        <line num="11" count="31" type="cond" truecount="1" falsecount="1"/>
        <line num="12" count="0" type="stmt"/>
        <line num="15" count="31" type="stmt"/>
        <line num="17" count="31" type="stmt"/>
        <line num="19" count="31" type="stmt"/>
        <line num="20" count="42" type="stmt"/>
        <line num="21" count="56" type="stmt"/>
        <line num="22" count="42" type="cond" truecount="2" falsecount="0"/>
        <line num="25" count="1" type="stmt"/>
        <line num="27" count="1" type="stmt"/>
        <line num="30" count="7" type="stmt"/>
        <line num="35" count="3" type="stmt"/>
        <line num="40" count="4" type="stmt"/>
        <line num="45" count="3" type="stmt"/>
        <line num="50" count="3" type="stmt"/>
        <line num="55" count="9" type="stmt"/>
        <line num="56" count="13" type="cond" truecount="2" falsecount="0"/>
        <line num="58" count="9" type="stmt"/>
        <line num="63" count="6" type="stmt"/>
        <line num="64" count="9" type="cond" truecount="2" falsecount="0"/>
        <line num="66" count="6" type="stmt"/>
        <line num="71" count="4" type="stmt"/>
        <line num="72" count="5" type="stmt"/>
        <line num="74" count="4" type="stmt"/>
        <line num="79" count="21" type="stmt"/>
        <line num="80" count="25" type="stmt"/>
        <line num="82" count="21" type="stmt"/>
        <line num="87" count="4" type="stmt"/>
        <line num="88" count="4" type="stmt"/>
        <line num="92" count="1" type="stmt"/>
      </file>
      <file name="index.js" path="C:\Users\CHEN\Desktop\Projects\easy-object-validator\src\index.js">
        <metrics statements="35" coveredstatements="33" conditionals="10" coveredconditionals="7" methods="15" coveredmethods="13"/>
        <line num="1" count="1" type="stmt"/>
        <line num="9" count="9" type="stmt"/>
        <line num="10" count="9" type="cond" truecount="1" falsecount="1"/>
        <line num="11" count="9" type="stmt"/>
        <line num="12" count="21" type="stmt"/>
        <line num="13" count="21" type="stmt"/>
        <line num="14" count="21" type="cond" truecount="2" falsecount="0"/>
        <line num="16" count="18" type="stmt"/>
        <line num="17" count="3" type="cond" truecount="1" falsecount="1"/>
        <line num="19" count="3" type="stmt"/>
        <line num="21" count="0" type="stmt"/>
        <line num="25" count="9" type="stmt"/>
        <line num="33" count="1" type="stmt"/>
        <line num="56" count="1" type="stmt"/>
        <line num="57" count="22" type="stmt"/>
        <line num="58" count="23" type="cond" truecount="2" falsecount="0"/>
        <line num="59" count="20" type="stmt"/>
        <line num="62" count="3" type="stmt"/>
        <line num="63" count="3" type="cond" truecount="1" falsecount="1"/>
        <line num="64" count="0" type="stmt"/>
        <line num="68" count="3" type="stmt"/>
        <line num="70" count="4" type="stmt"/>
        <line num="71" count="4" type="stmt"/>
        <line num="73" count="4" type="stmt"/>
        <line num="80" count="3" type="stmt"/>
        <line num="84" count="3" type="stmt"/>
        <line num="85" count="2" type="stmt"/>
        <line num="86" count="3" type="stmt"/>
        <line num="87" count="2" type="stmt"/>
        <line num="88" count="2" type="stmt"/>
        <line num="89" count="1" type="stmt"/>
        <line num="90" count="2" type="stmt"/>
        <line num="91" count="1" type="stmt"/>
        <line num="92" count="1" type="stmt"/>
        <line num="94" count="1" type="stmt"/>
      </file>
    </metrics>
  </project>
</coverage>
