{"C:\\Users\\CHEN\\Desktop\\Projects\\easy-object-validator\\src\\Validate.js": {"path":"C:\\Users\\CHEN\\Desktop\\Projects\\easy-object-validator\\src\\Validate.js","statementMap":{"0":{"start":{"line":3,"column":2},"end":{"line":6,"column":19}},"1":{"start":{"line":11,"column":2},"end":{"line":13,"column":3}},"2":{"start":{"line":12,"column":4},"end":{"line":12,"column":72}},"3":{"start":{"line":15,"column":2},"end":{"line":15,"column":24}},"4":{"start":{"line":17,"column":2},"end":{"line":17,"column":21}},"5":{"start":{"line":19,"column":2},"end":{"line":23,"column":3}},"6":{"start":{"line":20,"column":4},"end":{"line":20,"column":23}},"7":{"start":{"line":21,"column":16},"end":{"line":21,"column":54}},"8":{"start":{"line":21,"column":47},"end":{"line":21,"column":53}},"9":{"start":{"line":22,"column":4},"end":{"line":22,"column":35}},"10":{"start":{"line":25,"column":0},"end":{"line":25,"column":21}},"11":{"start":{"line":27,"column":0},"end":{"line":90,"column":1}},"12":{"start":{"line":30,"column":4},"end":{"line":30,"column":29}},"13":{"start":{"line":35,"column":4},"end":{"line":35,"column":29}},"14":{"start":{"line":40,"column":4},"end":{"line":40,"column":29}},"15":{"start":{"line":45,"column":4},"end":{"line":45,"column":28}},"16":{"start":{"line":50,"column":4},"end":{"line":50,"column":30}},"17":{"start":{"line":55,"column":4},"end":{"line":57,"column":7}},"18":{"start":{"line":56,"column":6},"end":{"line":56,"column":53}},"19":{"start":{"line":58,"column":4},"end":{"line":58,"column":16}},"20":{"start":{"line":63,"column":4},"end":{"line":65,"column":7}},"21":{"start":{"line":64,"column":6},"end":{"line":64,"column":53}},"22":{"start":{"line":66,"column":4},"end":{"line":66,"column":16}},"23":{"start":{"line":71,"column":4},"end":{"line":73,"column":7}},"24":{"start":{"line":72,"column":6},"end":{"line":72,"column":37}},"25":{"start":{"line":74,"column":4},"end":{"line":74,"column":16}},"26":{"start":{"line":79,"column":4},"end":{"line":81,"column":7}},"27":{"start":{"line":80,"column":6},"end":{"line":80,"column":43}},"28":{"start":{"line":82,"column":4},"end":{"line":82,"column":16}},"29":{"start":{"line":87,"column":4},"end":{"line":87,"column":29}},"30":{"start":{"line":88,"column":4},"end":{"line":88,"column":16}},"31":{"start":{"line":92,"column":0},"end":{"line":92,"column":26}}},"fnMap":{"0":{"name":"type","decl":{"start":{"line":2,"column":9},"end":{"line":2,"column":13}},"loc":{"start":{"line":2,"column":21},"end":{"line":7,"column":1}},"line":2},"1":{"name":"Validate","decl":{"start":{"line":10,"column":9},"end":{"line":10,"column":17}},"loc":{"start":{"line":10,"column":20},"end":{"line":24,"column":1}},"line":10},"2":{"name":"(anonymous_2)","decl":{"start":{"line":19,"column":21},"end":{"line":19,"column":22}},"loc":{"start":{"line":19,"column":32},"end":{"line":23,"column":3}},"line":19},"3":{"name":"(anonymous_3)","decl":{"start":{"line":21,"column":39},"end":{"line":21,"column":40}},"loc":{"start":{"line":21,"column":47},"end":{"line":21,"column":53}},"line":21},"4":{"name":"(anonymous_4)","decl":{"start":{"line":55,"column":26},"end":{"line":55,"column":27}},"loc":{"start":{"line":55,"column":32},"end":{"line":57,"column":5}},"line":55},"5":{"name":"(anonymous_5)","decl":{"start":{"line":63,"column":26},"end":{"line":63,"column":27}},"loc":{"start":{"line":63,"column":32},"end":{"line":65,"column":5}},"line":63},"6":{"name":"(anonymous_6)","decl":{"start":{"line":71,"column":26},"end":{"line":71,"column":27}},"loc":{"start":{"line":71,"column":32},"end":{"line":73,"column":5}},"line":71},"7":{"name":"(anonymous_7)","decl":{"start":{"line":79,"column":26},"end":{"line":79,"column":27}},"loc":{"start":{"line":79,"column":32},"end":{"line":81,"column":5}},"line":79}},"branchMap":{"0":{"loc":{"start":{"line":11,"column":2},"end":{"line":13,"column":3}},"type":"if","locations":[{"start":{"line":11,"column":2},"end":{"line":13,"column":3}},{"start":{"line":11,"column":2},"end":{"line":13,"column":3}}],"line":11},"1":{"loc":{"start":{"line":22,"column":11},"end":{"line":22,"column":34}},"type":"cond-expr","locations":[{"start":{"line":22,"column":24},"end":{"line":22,"column":28}},{"start":{"line":22,"column":31},"end":{"line":22,"column":34}}],"line":22},"2":{"loc":{"start":{"line":56,"column":13},"end":{"line":56,"column":52}},"type":"binary-expr","locations":[{"start":{"line":56,"column":13},"end":{"line":56,"column":31}},{"start":{"line":56,"column":35},"end":{"line":56,"column":52}}],"line":56},"3":{"loc":{"start":{"line":64,"column":13},"end":{"line":64,"column":52}},"type":"binary-expr","locations":[{"start":{"line":64,"column":13},"end":{"line":64,"column":23}},{"start":{"line":64,"column":27},"end":{"line":64,"column":52}}],"line":64}},"s":{"0":44,"1":31,"2":0,"3":31,"4":31,"5":31,"6":42,"7":42,"8":56,"9":42,"10":1,"11":1,"12":7,"13":3,"14":4,"15":3,"16":3,"17":9,"18":13,"19":9,"20":6,"21":9,"22":6,"23":4,"24":5,"25":4,"26":21,"27":25,"28":21,"29":4,"30":4,"31":1},"f":{"0":44,"1":31,"2":42,"3":56,"4":13,"5":9,"6":5,"7":25},"b":{"0":[0,31],"1":[2,40],"2":[13,11],"3":[9,9]},"_coverageSchema":"332fd63041d2c1bcb487cc26dd0d5f7d97098a6c","hash":"c9951d4131a91fd38c46319482960083334ee00c"}
,"C:\\Users\\CHEN\\Desktop\\Projects\\easy-object-validator\\src\\index.js": {"path":"C:\\Users\\CHEN\\Desktop\\Projects\\easy-object-validator\\src\\index.js","statementMap":{"0":{"start":{"line":1,"column":17},"end":{"line":1,"column":38}},"1":{"start":{"line":9,"column":16},"end":{"line":9,"column":21}},"2":{"start":{"line":10,"column":2},"end":{"line":24,"column":3}},"3":{"start":{"line":11,"column":4},"end":{"line":23,"column":7}},"4":{"start":{"line":12,"column":20},"end":{"line":12,"column":31}},"5":{"start":{"line":13,"column":23},"end":{"line":13,"column":35}},"6":{"start":{"line":14,"column":6},"end":{"line":22,"column":7}},"7":{"start":{"line":16,"column":8},"end":{"line":16,"column":43}},"8":{"start":{"line":17,"column":13},"end":{"line":22,"column":7}},"9":{"start":{"line":19,"column":8},"end":{"line":19,"column":42}},"10":{"start":{"line":21,"column":8},"end":{"line":21,"column":80}},"11":{"start":{"line":25,"column":2},"end":{"line":25,"column":17}},"12":{"start":{"line":33,"column":30},"end":{"line":54,"column":1}},"13":{"start":{"line":56,"column":0},"end":{"line":82,"column":1}},"14":{"start":{"line":57,"column":2},"end":{"line":81,"column":5}},"15":{"start":{"line":58,"column":4},"end":{"line":60,"column":5}},"16":{"start":{"line":59,"column":6},"end":{"line":59,"column":66}},"17":{"start":{"line":62,"column":23},"end":{"line":62,"column":36}},"18":{"start":{"line":63,"column":4},"end":{"line":65,"column":5}},"19":{"start":{"line":64,"column":6},"end":{"line":64,"column":59}},"20":{"start":{"line":68,"column":4},"end":{"line":77,"column":7}},"21":{"start":{"line":70,"column":8},"end":{"line":72,"column":11}},"22":{"start":{"line":71,"column":10},"end":{"line":71,"column":40}},"23":{"start":{"line":73,"column":8},"end":{"line":73,"column":20}},"24":{"start":{"line":80,"column":4},"end":{"line":80,"column":51}},"25":{"start":{"line":80,"column":28},"end":{"line":80,"column":50}},"26":{"start":{"line":84,"column":0},"end":{"line":84,"column":48}},"27":{"start":{"line":84,"column":25},"end":{"line":84,"column":48}},"28":{"start":{"line":85,"column":0},"end":{"line":85,"column":48}},"29":{"start":{"line":85,"column":25},"end":{"line":85,"column":48}},"30":{"start":{"line":86,"column":0},"end":{"line":86,"column":48}},"31":{"start":{"line":86,"column":25},"end":{"line":86,"column":48}},"32":{"start":{"line":87,"column":0},"end":{"line":87,"column":46}},"33":{"start":{"line":87,"column":24},"end":{"line":87,"column":46}},"34":{"start":{"line":88,"column":0},"end":{"line":88,"column":50}},"35":{"start":{"line":88,"column":26},"end":{"line":88,"column":50}},"36":{"start":{"line":89,"column":0},"end":{"line":89,"column":54}},"37":{"start":{"line":89,"column":28},"end":{"line":89,"column":54}},"38":{"start":{"line":90,"column":0},"end":{"line":90,"column":56}},"39":{"start":{"line":90,"column":29},"end":{"line":90,"column":56}},"40":{"start":{"line":91,"column":0},"end":{"line":91,"column":56}},"41":{"start":{"line":91,"column":29},"end":{"line":91,"column":56}},"42":{"start":{"line":92,"column":0},"end":{"line":92,"column":42}},"43":{"start":{"line":92,"column":22},"end":{"line":92,"column":42}},"44":{"start":{"line":94,"column":0},"end":{"line":94,"column":27}}},"fnMap":{"0":{"name":"validator","decl":{"start":{"line":8,"column":9},"end":{"line":8,"column":18}},"loc":{"start":{"line":8,"column":36},"end":{"line":26,"column":1}},"line":8},"1":{"name":"(anonymous_1)","decl":{"start":{"line":11,"column":41},"end":{"line":11,"column":42}},"loc":{"start":{"line":11,"column":48},"end":{"line":23,"column":5}},"line":11},"2":{"name":"(anonymous_2)","decl":{"start":{"line":56,"column":19},"end":{"line":56,"column":20}},"loc":{"start":{"line":56,"column":32},"end":{"line":82,"column":1}},"line":56},"3":{"name":"(anonymous_3)","decl":{"start":{"line":57,"column":31},"end":{"line":57,"column":32}},"loc":{"start":{"line":57,"column":39},"end":{"line":81,"column":3}},"line":57},"4":{"name":"(anonymous_4)","decl":{"start":{"line":70,"column":30},"end":{"line":70,"column":31}},"loc":{"start":{"line":70,"column":36},"end":{"line":72,"column":9}},"line":70},"5":{"name":"(anonymous_5)","decl":{"start":{"line":80,"column":22},"end":{"line":80,"column":23}},"loc":{"start":{"line":80,"column":28},"end":{"line":80,"column":50}},"line":80},"6":{"name":"(anonymous_6)","decl":{"start":{"line":84,"column":19},"end":{"line":84,"column":20}},"loc":{"start":{"line":84,"column":25},"end":{"line":84,"column":48}},"line":84},"7":{"name":"(anonymous_7)","decl":{"start":{"line":85,"column":19},"end":{"line":85,"column":20}},"loc":{"start":{"line":85,"column":25},"end":{"line":85,"column":48}},"line":85},"8":{"name":"(anonymous_8)","decl":{"start":{"line":86,"column":19},"end":{"line":86,"column":20}},"loc":{"start":{"line":86,"column":25},"end":{"line":86,"column":48}},"line":86},"9":{"name":"(anonymous_9)","decl":{"start":{"line":87,"column":18},"end":{"line":87,"column":19}},"loc":{"start":{"line":87,"column":24},"end":{"line":87,"column":46}},"line":87},"10":{"name":"(anonymous_10)","decl":{"start":{"line":88,"column":20},"end":{"line":88,"column":21}},"loc":{"start":{"line":88,"column":26},"end":{"line":88,"column":50}},"line":88},"11":{"name":"(anonymous_11)","decl":{"start":{"line":89,"column":22},"end":{"line":89,"column":23}},"loc":{"start":{"line":89,"column":28},"end":{"line":89,"column":54}},"line":89},"12":{"name":"(anonymous_12)","decl":{"start":{"line":90,"column":17},"end":{"line":90,"column":18}},"loc":{"start":{"line":90,"column":29},"end":{"line":90,"column":56}},"line":90},"13":{"name":"(anonymous_13)","decl":{"start":{"line":91,"column":15},"end":{"line":91,"column":16}},"loc":{"start":{"line":91,"column":29},"end":{"line":91,"column":56}},"line":91},"14":{"name":"(anonymous_14)","decl":{"start":{"line":92,"column":16},"end":{"line":92,"column":17}},"loc":{"start":{"line":92,"column":22},"end":{"line":92,"column":42}},"line":92}},"branchMap":{"0":{"loc":{"start":{"line":10,"column":2},"end":{"line":24,"column":3}},"type":"if","locations":[{"start":{"line":10,"column":2},"end":{"line":24,"column":3}},{"start":{"line":10,"column":2},"end":{"line":24,"column":3}}],"line":10},"1":{"loc":{"start":{"line":14,"column":6},"end":{"line":22,"column":7}},"type":"if","locations":[{"start":{"line":14,"column":6},"end":{"line":22,"column":7}},{"start":{"line":14,"column":6},"end":{"line":22,"column":7}}],"line":14},"2":{"loc":{"start":{"line":17,"column":13},"end":{"line":22,"column":7}},"type":"if","locations":[{"start":{"line":17,"column":13},"end":{"line":22,"column":7}},{"start":{"line":17,"column":13},"end":{"line":22,"column":7}}],"line":17},"3":{"loc":{"start":{"line":58,"column":4},"end":{"line":60,"column":5}},"type":"if","locations":[{"start":{"line":58,"column":4},"end":{"line":60,"column":5}},{"start":{"line":58,"column":4},"end":{"line":60,"column":5}}],"line":58},"4":{"loc":{"start":{"line":63,"column":4},"end":{"line":65,"column":5}},"type":"if","locations":[{"start":{"line":63,"column":4},"end":{"line":65,"column":5}},{"start":{"line":63,"column":4},"end":{"line":65,"column":5}}],"line":63}},"s":{"0":1,"1":9,"2":9,"3":9,"4":21,"5":21,"6":21,"7":18,"8":3,"9":3,"10":0,"11":9,"12":1,"13":1,"14":22,"15":23,"16":20,"17":3,"18":3,"19":0,"20":3,"21":4,"22":4,"23":4,"24":3,"25":3,"26":1,"27":3,"28":1,"29":2,"30":1,"31":3,"32":1,"33":2,"34":1,"35":2,"36":1,"37":0,"38":1,"39":2,"40":1,"41":0,"42":1,"43":1,"44":1},"f":{"0":9,"1":21,"2":22,"3":23,"4":4,"5":3,"6":3,"7":2,"8":3,"9":2,"10":2,"11":0,"12":2,"13":0,"14":1},"b":{"0":[9,0],"1":[18,3],"2":[3,0],"3":[20,3],"4":[0,3]},"_coverageSchema":"332fd63041d2c1bcb487cc26dd0d5f7d97098a6c","hash":"6a17a2adaf4763b59d39f8334e95cd4bf1ab4ea0"}
}
