TN:
SF:C:\Users\CHEN\Desktop\Projects\easy-object-validator\src\Validate.js
FN:2,type
FN:10,Validate
FN:19,(anonymous_2)
FN:21,(anonymous_3)
FN:55,(anonymous_4)
FN:63,(anonymous_5)
FN:71,(anonymous_6)
FN:79,(anonymous_7)
FNF:8
FNH:8
FNDA:44,type
FNDA:31,Validate
FNDA:42,(anonymous_2)
FNDA:56,(anonymous_3)
FNDA:13,(anonymous_4)
FNDA:9,(anonymous_5)
FNDA:5,(anonymous_6)
FNDA:25,(anonymous_7)
DA:3,44
DA:11,31
DA:12,0
DA:15,31
DA:17,31
DA:19,31
DA:20,42
DA:21,56
DA:22,42
DA:25,1
DA:27,1
DA:30,7
DA:35,3
DA:40,4
DA:45,3
DA:50,3
DA:55,9
DA:56,13
DA:58,9
DA:63,6
DA:64,9
DA:66,6
DA:71,4
DA:72,5
DA:74,4
DA:79,21
DA:80,25
DA:82,21
DA:87,4
DA:88,4
DA:92,1
LF:31
LH:30
BRDA:11,0,0,0
BRDA:11,0,1,31
BRDA:22,1,0,2
BRDA:22,1,1,40
BRDA:56,2,0,13
BRDA:56,2,1,11
BRDA:64,3,0,9
BRDA:64,3,1,9
BRF:8
BRH:7
end_of_record
TN:
SF:C:\Users\CHEN\Desktop\Projects\easy-object-validator\src\index.js
FN:8,validator
FN:11,(anonymous_1)
FN:56,(anonymous_2)
FN:57,(anonymous_3)
FN:70,(anonymous_4)
FN:80,(anonymous_5)
FN:84,(anonymous_6)
FN:85,(anonymous_7)
FN:86,(anonymous_8)
FN:87,(anonymous_9)
FN:88,(anonymous_10)
FN:89,(anonymous_11)
FN:90,(anonymous_12)
FN:91,(anonymous_13)
FN:92,(anonymous_14)
FNF:15
FNH:13
FNDA:9,validator
FNDA:21,(anonymous_1)
FNDA:22,(anonymous_2)
FNDA:23,(anonymous_3)
FNDA:4,(anonymous_4)
FNDA:3,(anonymous_5)
FNDA:3,(anonymous_6)
FNDA:2,(anonymous_7)
FNDA:3,(anonymous_8)
FNDA:2,(anonymous_9)
FNDA:2,(anonymous_10)
FNDA:0,(anonymous_11)
FNDA:2,(anonymous_12)
FNDA:0,(anonymous_13)
FNDA:1,(anonymous_14)
DA:1,1
DA:9,9
DA:10,9
DA:11,9
DA:12,21
DA:13,21
DA:14,21
DA:16,18
DA:17,3
DA:19,3
DA:21,0
DA:25,9
DA:33,1
DA:56,1
DA:57,22
DA:58,23
DA:59,20
DA:62,3
DA:63,3
DA:64,0
DA:68,3
DA:70,4
DA:71,4
DA:73,4
DA:80,3
DA:84,3
DA:85,2
DA:86,3
DA:87,2
DA:88,2
DA:89,1
DA:90,2
DA:91,1
DA:92,1
DA:94,1
LF:35
LH:33
BRDA:10,0,0,9
BRDA:10,0,1,0
BRDA:14,1,0,18
BRDA:14,1,1,3
BRDA:17,2,0,3
BRDA:17,2,1,0
BRDA:58,3,0,20
BRDA:58,3,1,3
BRDA:63,4,0,0
BRDA:63,4,1,3
BRF:10
BRH:7
end_of_record
